Performing C SOURCE FILE Test CMAKE_HAVE_LIBC_PTHREAD failed with the following output:
Change Dir: /home/lidiane/CLionProjects/optix/SDK/cmake-build-debug/CMakeFiles/CMakeTmp

Run Build Command(s):/usr/bin/make cmTC_bb870/fast && /usr/bin/make -f CMakeFiles/cmTC_bb870.dir/build.make CMakeFiles/cmTC_bb870.dir/build
make[1]: Entering directory '/home/lidiane/CLionProjects/optix/SDK/cmake-build-debug/CMakeFiles/CMakeTmp'
Building C object CMakeFiles/cmTC_bb870.dir/src.c.o
/usr/bin/cc   -fPIC -DCMAKE_HAVE_LIBC_PTHREAD   -o CMakeFiles/cmTC_bb870.dir/src.c.o   -c /home/lidiane/CLionProjects/optix/SDK/cmake-build-debug/CMakeFiles/CMakeTmp/src.c
Linking C executable cmTC_bb870
/home/lidiane/Downloads/CLion-2019.3.5/clion-2019.3.5/bin/cmake/linux/bin/cmake -E cmake_link_script CMakeFiles/cmTC_bb870.dir/link.txt --verbose=1
/usr/bin/cc -fPIC -DCMAKE_HAVE_LIBC_PTHREAD    -rdynamic CMakeFiles/cmTC_bb870.dir/src.c.o  -o cmTC_bb870 
CMakeFiles/cmTC_bb870.dir/src.c.o: Na função "main":
src.c:(.text+0x3e): referência não definida para "pthread_create"
src.c:(.text+0x4a): referência não definida para "pthread_detach"
src.c:(.text+0x5b): referência não definida para "pthread_join"
src.c:(.text+0x6f): referência não definida para "pthread_atfork"
collect2: error: ld returned 1 exit status
CMakeFiles/cmTC_bb870.dir/build.make:86: recipe for target 'cmTC_bb870' failed
make[1]: *** [cmTC_bb870] Error 1
make[1]: Leaving directory '/home/lidiane/CLionProjects/optix/SDK/cmake-build-debug/CMakeFiles/CMakeTmp'
Makefile:121: recipe for target 'cmTC_bb870/fast' failed
make: *** [cmTC_bb870/fast] Error 2


Source file was:
#include <pthread.h>

void* test_func(void* data)
{
  return data;
}

int main(void)
{
  pthread_t thread;
  pthread_create(&thread, NULL, test_func, NULL);
  pthread_detach(thread);
  pthread_join(thread, NULL);
  pthread_atfork(NULL, NULL, NULL);
  pthread_exit(NULL);

  return 0;
}

Determining if the function pthread_create exists in the pthreads failed with the following output:
Change Dir: /home/lidiane/CLionProjects/optix/SDK/cmake-build-debug/CMakeFiles/CMakeTmp

Run Build Command(s):/usr/bin/make cmTC_98d1b/fast && /usr/bin/make -f CMakeFiles/cmTC_98d1b.dir/build.make CMakeFiles/cmTC_98d1b.dir/build
make[1]: Entering directory '/home/lidiane/CLionProjects/optix/SDK/cmake-build-debug/CMakeFiles/CMakeTmp'
Building C object CMakeFiles/cmTC_98d1b.dir/CheckFunctionExists.c.o
/usr/bin/cc   -fPIC -DCHECK_FUNCTION_EXISTS=pthread_create   -o CMakeFiles/cmTC_98d1b.dir/CheckFunctionExists.c.o   -c /home/lidiane/Downloads/CLion-2019.3.5/clion-2019.3.5/bin/cmake/linux/share/cmake-3.15/Modules/CheckFunctionExists.c
Linking C executable cmTC_98d1b
/home/lidiane/Downloads/CLion-2019.3.5/clion-2019.3.5/bin/cmake/linux/bin/cmake -E cmake_link_script CMakeFiles/cmTC_98d1b.dir/link.txt --verbose=1
/usr/bin/cc -fPIC -DCHECK_FUNCTION_EXISTS=pthread_create    -rdynamic CMakeFiles/cmTC_98d1b.dir/CheckFunctionExists.c.o  -o cmTC_98d1b -lpthreads 
/usr/bin/ld: não foi possível localizar -lpthreads
collect2: error: ld returned 1 exit status
CMakeFiles/cmTC_98d1b.dir/build.make:86: recipe for target 'cmTC_98d1b' failed
make[1]: *** [cmTC_98d1b] Error 1
make[1]: Leaving directory '/home/lidiane/CLionProjects/optix/SDK/cmake-build-debug/CMakeFiles/CMakeTmp'
Makefile:121: recipe for target 'cmTC_98d1b/fast' failed
make: *** [cmTC_98d1b/fast] Error 2



