Determining if the pthread_create exist failed with the following output:
Change Dir: /home/lidiane/ARRay-TracingGit/CMakeFiles/CMakeTmp

Run Build Command:"/usr/bin/make" "cmTC_8b7e5/fast"
/usr/bin/make -f CMakeFiles/cmTC_8b7e5.dir/build.make CMakeFiles/cmTC_8b7e5.dir/build
make[1]: Entering directory '/home/lidiane/ARRay-TracingGit/CMakeFiles/CMakeTmp'
Building C object CMakeFiles/cmTC_8b7e5.dir/CheckSymbolExists.c.o
/usr/bin/cc   -fPIC    -o CMakeFiles/cmTC_8b7e5.dir/CheckSymbolExists.c.o   -c /home/lidiane/ARRay-TracingGit/CMakeFiles/CMakeTmp/CheckSymbolExists.c
Linking C executable cmTC_8b7e5
/usr/bin/cmake -E cmake_link_script CMakeFiles/cmTC_8b7e5.dir/link.txt --verbose=1
/usr/bin/cc -fPIC     -rdynamic CMakeFiles/cmTC_8b7e5.dir/CheckSymbolExists.c.o  -o cmTC_8b7e5 
CMakeFiles/cmTC_8b7e5.dir/CheckSymbolExists.c.o: Na função "main":
CheckSymbolExists.c:(.text+0x1b): referência não definida para "pthread_create"
collect2: error: ld returned 1 exit status
CMakeFiles/cmTC_8b7e5.dir/build.make:97: recipe for target 'cmTC_8b7e5' failed
make[1]: *** [cmTC_8b7e5] Error 1
make[1]: Leaving directory '/home/lidiane/ARRay-TracingGit/CMakeFiles/CMakeTmp'
Makefile:126: recipe for target 'cmTC_8b7e5/fast' failed
make: *** [cmTC_8b7e5/fast] Error 2

File /home/lidiane/ARRay-TracingGit/CMakeFiles/CMakeTmp/CheckSymbolExists.c:
/* */
#include <pthread.h>

int main(int argc, char** argv)
{
  (void)argv;
#ifndef pthread_create
  return ((int*)(&pthread_create))[argc];
#else
  (void)argc;
  return 0;
#endif
}

Determining if the function pthread_create exists in the pthreads failed with the following output:
Change Dir: /home/lidiane/ARRay-TracingGit/CMakeFiles/CMakeTmp

Run Build Command:"/usr/bin/make" "cmTC_d2317/fast"
/usr/bin/make -f CMakeFiles/cmTC_d2317.dir/build.make CMakeFiles/cmTC_d2317.dir/build
make[1]: Entering directory '/home/lidiane/ARRay-TracingGit/CMakeFiles/CMakeTmp'
Building C object CMakeFiles/cmTC_d2317.dir/CheckFunctionExists.c.o
/usr/bin/cc   -fPIC -DCHECK_FUNCTION_EXISTS=pthread_create   -o CMakeFiles/cmTC_d2317.dir/CheckFunctionExists.c.o   -c /usr/share/cmake-3.10/Modules/CheckFunctionExists.c
Linking C executable cmTC_d2317
/usr/bin/cmake -E cmake_link_script CMakeFiles/cmTC_d2317.dir/link.txt --verbose=1
/usr/bin/cc -fPIC -DCHECK_FUNCTION_EXISTS=pthread_create    -rdynamic CMakeFiles/cmTC_d2317.dir/CheckFunctionExists.c.o  -o cmTC_d2317 -lpthreads 
/usr/bin/ld: não foi possível localizar -lpthreads
collect2: error: ld returned 1 exit status
CMakeFiles/cmTC_d2317.dir/build.make:97: recipe for target 'cmTC_d2317' failed
make[1]: *** [cmTC_d2317] Error 1
make[1]: Leaving directory '/home/lidiane/ARRay-TracingGit/CMakeFiles/CMakeTmp'
Makefile:126: recipe for target 'cmTC_d2317/fast' failed
make: *** [cmTC_d2317/fast] Error 2


Performing C SOURCE FILE Test CMAKE_HAVE_LIBC_PTHREAD failed with the following output:
Change Dir: /home/lidiane/ARRay-TracingGit/CMakeFiles/CMakeTmp

Run Build Command(s):/usr/bin/make cmTC_0da41/fast && /usr/bin/make -f CMakeFiles/cmTC_0da41.dir/build.make CMakeFiles/cmTC_0da41.dir/build
make[1]: Entering directory '/home/lidiane/ARRay-TracingGit/CMakeFiles/CMakeTmp'
Building C object CMakeFiles/cmTC_0da41.dir/src.c.o
/usr/bin/cc   -fPIC -DCMAKE_HAVE_LIBC_PTHREAD   -o CMakeFiles/cmTC_0da41.dir/src.c.o   -c /home/lidiane/ARRay-TracingGit/CMakeFiles/CMakeTmp/src.c
Linking C executable cmTC_0da41
/home/lidiane/Downloads/CLion-2019.3.5/clion-2019.3.5/bin/cmake/linux/bin/cmake -E cmake_link_script CMakeFiles/cmTC_0da41.dir/link.txt --verbose=1
/usr/bin/cc -fPIC -DCMAKE_HAVE_LIBC_PTHREAD    -rdynamic CMakeFiles/cmTC_0da41.dir/src.c.o  -o cmTC_0da41 
CMakeFiles/cmTC_0da41.dir/src.c.o: Na função "main":
src.c:(.text+0x3e): referência não definida para "pthread_create"
src.c:(.text+0x4a): referência não definida para "pthread_detach"
src.c:(.text+0x5b): referência não definida para "pthread_join"
src.c:(.text+0x6f): referência não definida para "pthread_atfork"
collect2: error: ld returned 1 exit status
CMakeFiles/cmTC_0da41.dir/build.make:86: recipe for target 'cmTC_0da41' failed
make[1]: *** [cmTC_0da41] Error 1
make[1]: Leaving directory '/home/lidiane/ARRay-TracingGit/CMakeFiles/CMakeTmp'
Makefile:121: recipe for target 'cmTC_0da41/fast' failed
make: *** [cmTC_0da41/fast] Error 2


Source file was:
#include <pthread.h>

void* test_func(void* data)
{
  return data;
}

int main(void)
{
  pthread_t thread;
  pthread_create(&thread, NULL, test_func, NULL);
  pthread_detach(thread);
  pthread_join(thread, NULL);
  pthread_atfork(NULL, NULL, NULL);
  pthread_exit(NULL);

  return 0;
}

