Determining if the pthread_create exist failed with the following output:
Change Dir: /home/lidiane/CLionProjects/axisView/build/CMakeFiles/CMakeTmp

Run Build Command:"/usr/bin/make" "cmTC_471a7/fast"
/usr/bin/make -f CMakeFiles/cmTC_471a7.dir/build.make CMakeFiles/cmTC_471a7.dir/build
make[1]: Entering directory '/home/lidiane/CLionProjects/axisView/build/CMakeFiles/CMakeTmp'
Building C object CMakeFiles/cmTC_471a7.dir/CheckSymbolExists.c.o
/usr/bin/cc    -o CMakeFiles/cmTC_471a7.dir/CheckSymbolExists.c.o   -c /home/lidiane/CLionProjects/axisView/build/CMakeFiles/CMakeTmp/CheckSymbolExists.c
Linking C executable cmTC_471a7
/usr/bin/cmake -E cmake_link_script CMakeFiles/cmTC_471a7.dir/link.txt --verbose=1
/usr/bin/cc      CMakeFiles/cmTC_471a7.dir/CheckSymbolExists.c.o  -o cmTC_471a7 
CMakeFiles/cmTC_471a7.dir/CheckSymbolExists.c.o: Na função "main":
CheckSymbolExists.c:(.text+0x1b): referência não definida para "pthread_create"
collect2: error: ld returned 1 exit status
CMakeFiles/cmTC_471a7.dir/build.make:97: recipe for target 'cmTC_471a7' failed
make[1]: *** [cmTC_471a7] Error 1
make[1]: Leaving directory '/home/lidiane/CLionProjects/axisView/build/CMakeFiles/CMakeTmp'
Makefile:126: recipe for target 'cmTC_471a7/fast' failed
make: *** [cmTC_471a7/fast] Error 2

File /home/lidiane/CLionProjects/axisView/build/CMakeFiles/CMakeTmp/CheckSymbolExists.c:
/* */
#include <pthread.h>

int main(int argc, char** argv)
{
  (void)argv;
#ifndef pthread_create
  return ((int*)(&pthread_create))[argc];
#else
  (void)argc;
  return 0;
#endif
}

Determining if the function pthread_create exists in the pthreads failed with the following output:
Change Dir: /home/lidiane/CLionProjects/axisView/build/CMakeFiles/CMakeTmp

Run Build Command:"/usr/bin/make" "cmTC_a53d4/fast"
/usr/bin/make -f CMakeFiles/cmTC_a53d4.dir/build.make CMakeFiles/cmTC_a53d4.dir/build
make[1]: Entering directory '/home/lidiane/CLionProjects/axisView/build/CMakeFiles/CMakeTmp'
Building C object CMakeFiles/cmTC_a53d4.dir/CheckFunctionExists.c.o
/usr/bin/cc   -DCHECK_FUNCTION_EXISTS=pthread_create   -o CMakeFiles/cmTC_a53d4.dir/CheckFunctionExists.c.o   -c /usr/share/cmake-3.10/Modules/CheckFunctionExists.c
Linking C executable cmTC_a53d4
/usr/bin/cmake -E cmake_link_script CMakeFiles/cmTC_a53d4.dir/link.txt --verbose=1
/usr/bin/cc  -DCHECK_FUNCTION_EXISTS=pthread_create    CMakeFiles/cmTC_a53d4.dir/CheckFunctionExists.c.o  -o cmTC_a53d4 -lpthreads 
/usr/bin/ld: não foi possível localizar -lpthreads
collect2: error: ld returned 1 exit status
CMakeFiles/cmTC_a53d4.dir/build.make:97: recipe for target 'cmTC_a53d4' failed
make[1]: *** [cmTC_a53d4] Error 1
make[1]: Leaving directory '/home/lidiane/CLionProjects/axisView/build/CMakeFiles/CMakeTmp'
Makefile:126: recipe for target 'cmTC_a53d4/fast' failed
make: *** [cmTC_a53d4/fast] Error 2


